[2026-04-09 14:24:02] === Loto 6 Auto Updater Started ===
[2026-04-09 14:24:02] Checking for 第2092回...
[2026-04-09 14:24:02] 第2092回 not found. (Latest is 2091)
[2026-04-09 14:24:02] Waiting 30 minutes for next check...
[2026-04-09 14:36:57] === Loto 6 Auto Updater Started ===
[2026-04-09 14:36:57] Checking for 第2092回...
[2026-04-09 14:36:58] 第2092回 not found. (Latest is 2091)
[2026-04-09 14:36:58] Waiting 30 minutes for next check...
[2026-04-09 14:54:02] Checking for 第2092回...
[2026-04-09 14:54:02] 第2092回 not found. (Latest is 2091)
[2026-04-09 14:54:02] Waiting 30 minutes for next check...
[2026-04-09 15:06:58] Checking for 第2092回...
[2026-04-09 15:06:58] 第2092回 not found. (Latest is 2091)
[2026-04-09 15:06:58] Waiting 30 minutes for next check...
[2026-04-09 15:24:02] Checking for 第2092回...
[2026-04-09 15:24:02] 第2092回 not found. (Latest is 2091)
[2026-04-09 15:24:02] Waiting 30 minutes for next check...
[2026-04-09 15:36:58] Checking for 第2092回...
[2026-04-09 15:36:58] 第2092回 not found. (Latest is 2091)
[2026-04-09 15:36:58] Waiting 30 minutes for next check...
[2026-04-09 15:54:02] Checking for 第2092回...
[2026-04-09 15:54:02] 第2092回 not found. (Latest is 2091)
[2026-04-09 15:54:02] Waiting 30 minutes for next check...
[2026-04-09 16:06:58] Checking for 第2092回...
[2026-04-09 16:06:58] 第2092回 not found. (Latest is 2091)
[2026-04-09 16:06:58] Waiting 30 minutes for next check...
[2026-04-09 16:24:02] Checking for 第2092回...
[2026-04-09 16:24:02] 第2092回 not found. (Latest is 2091)
[2026-04-09 16:24:02] Waiting 30 minutes for next check...
[2026-04-09 16:36:58] Checking for 第2092回...
[2026-04-09 16:36:58] 第2092回 not found. (Latest is 2091)
[2026-04-09 16:36:58] Waiting 30 minutes for next check...
[2026-04-09 16:54:02] Checking for 第2092回...
[2026-04-09 16:54:02] 第2092回 not found. (Latest is 2091)
[2026-04-09 16:54:02] Waiting 30 minutes for next check...
[2026-04-09 17:06:58] Checking for 第2092回...
[2026-04-09 17:06:58] 第2092回 not found. (Latest is 2091)
[2026-04-09 17:06:58] Waiting 30 minutes for next check...
[2026-04-09 17:24:02] Checking for 第2092回...
[2026-04-09 17:24:02] 第2092回 not found. (Latest is 2091)
[2026-04-09 17:24:02] Waiting 30 minutes for next check...
[2026-04-09 17:36:58] Checking for 第2092回...
[2026-04-09 17:36:58] 第2092回 not found. (Latest is 2091)
[2026-04-09 17:36:58] Waiting 30 minutes for next check...
[2026-04-09 17:54:02] Checking for 第2092回...
[2026-04-09 17:54:02] 第2092回 not found. (Latest is 2091)
[2026-04-09 17:54:02] Waiting 30 minutes for next check...
[2026-04-09 18:06:58] Checking for 第2092回...
[2026-04-09 18:06:58] 第2092回 not found. (Latest is 2091)
[2026-04-09 18:06:58] Waiting 30 minutes for next check...
[2026-04-09 18:24:02] Checking for 第2092回...
[2026-04-09 18:24:02] 第2092回 not found. (Latest is 2091)
[2026-04-09 18:24:02] Waiting 30 minutes for next check...
[2026-04-09 18:36:58] Checking for 第2092回...
[2026-04-09 18:36:58] 第2092回 not found. (Latest is 2091)
[2026-04-09 18:36:58] Waiting 30 minutes for next check...
[2026-04-09 18:54:02] Checking for 第2092回...
[2026-04-09 18:54:02] 第2092回 not found. (Latest is 2091)
[2026-04-09 18:54:02] Waiting 30 minutes for next check...
[2026-04-09 19:06:58] Checking for 第2092回...
[2026-04-09 19:06:58] 第2092回 not found. (Latest is 2091)
[2026-04-09 19:06:58] Waiting 30 minutes for next check...
[2026-04-09 19:24:02] Checking for 第2092回...
[2026-04-09 19:24:03] 第2092回 not found. (Latest is 2091)
[2026-04-09 19:24:03] Waiting 30 minutes for next check...
[2026-04-09 19:36:59] Checking for 第2092回...
[2026-04-09 19:36:59] 第2092回 not found. (Latest is 2091)
[2026-04-09 19:36:59] Waiting 30 minutes for next check...
[2026-04-09 19:54:03] Checking for 第2092回...
[2026-04-09 19:54:03] 第2092回 not found. (Latest is 2091)
[2026-04-09 19:54:03] Waiting 30 minutes for next check...
[2026-04-09 20:06:59] Checking for 第2092回...
[2026-04-09 20:06:59] 第2092回 not found. (Latest is 2091)
[2026-04-09 20:06:59] Waiting 30 minutes for next check...
[2026-04-09 20:24:03] Checking for 第2092回...
[2026-04-09 20:24:03] 第2092回 not found. (Latest is 2091)
[2026-04-09 20:24:03] Waiting 30 minutes for next check...
[2026-04-09 20:36:59] Checking for 第2092回...
[2026-04-09 20:36:59] 第2092回 not found. (Latest is 2091)
[2026-04-09 20:36:59] Waiting 30 minutes for next check...
[2026-04-09 20:54:03] Checking for 第2092回...
[2026-04-09 20:54:03] 第2092回 not found. (Latest is 2091)
[2026-04-09 20:54:03] Waiting 30 minutes for next check...
[2026-04-09 21:06:59] Checking for 第2092回...
[2026-04-09 21:06:59] 第2092回 not found. (Latest is 2091)
[2026-04-09 21:06:59] Waiting 30 minutes for next check...
[2026-04-09 21:24:03] Checking for 第2092回...
[2026-04-09 21:24:03] 第2092回 not found. (Latest is 2091)
[2026-04-09 21:24:03] Waiting 30 minutes for next check...
[2026-04-09 21:36:59] Checking for 第2092回...
[2026-04-09 21:36:59] 第2092回 not found. (Latest is 2091)
[2026-04-09 21:36:59] Waiting 30 minutes for next check...
[2026-04-09 21:54:03] Checking for 第2092回...
[2026-04-09 21:54:03] 第2092回 not found. (Latest is 2091)
[2026-04-09 21:54:03] Waiting 30 minutes for next check...
[2026-04-09 22:06:59] Checking for 第2092回...
[2026-04-09 22:06:59] 第2092回 not found. (Latest is 2091)
[2026-04-09 22:06:59] Waiting 30 minutes for next check...
[2026-04-09 22:24:03] Checking for 第2092回...
[2026-04-09 22:24:03] 第2092回 not found. (Latest is 2091)
[2026-04-09 22:24:03] Waiting 30 minutes for next check...
[2026-04-10 00:23:09] Checking for 第2092回...
[2026-04-10 00:23:09] CSV not available. Switching to HTML fallback...
[2026-04-10 00:23:09] Attempting to scrape Mizuho HTML for 第2092回...
[2026-04-10 00:23:09] Result table not found on page.
[2026-04-10 00:23:09] 第2092回 is not available yet (CSV/HTML both missing or mismatch).
[2026-04-10 00:28:33] Checking for 第2092回...
[2026-04-10 00:28:33] Official CSV not published yet. Trying HTML Scraper (Sougaku)...
[2026-04-10 00:28:33] Attempting to scrape Sougaku for 第2092回...
[2026-04-10 00:28:34] Sougaku: Could not find result table header.
[2026-04-10 00:28:34] 第2092回 is not available yet.
[2026-04-10 00:29:55] Checking for 第2092回...
[2026-04-10 00:29:55] Official CSV not published yet. Trying HTML Scraper (Sougaku)...
[2026-04-10 00:29:55] Attempting to scrape Sougaku for 第2092回...
[2026-04-10 00:29:56] Sougaku Scraping error: 'NoneType' object has no attribute 'group'
[2026-04-10 00:29:56] 第2092回 is not available yet.
[2026-04-10 00:30:29] Checking for 第2092回...
[2026-04-10 00:30:29] Attempting to scrape Sougaku for 第2092回...
[2026-04-10 00:30:30] Successfully scraped 第2092回 from Sougaku!
[2026-04-10 00:30:30] CSV updated for 第2092回.
[2026-04-10 00:30:30] Syncing to Firebase...
[2026-04-10 00:30:32] Firebase updated: 2092 records.
[2026-04-10 00:46:12] Syncing data to Firebase...
[2026-04-10 00:46:14] Firebase sync completed.
[2026-04-10 00:46:14] Regenerating HTML dashboard...
[2026-04-10 00:46:14] HTML dashboard updated successfully.
[2026-04-10 00:46:26] Syncing data to Firebase...
[2026-04-10 00:46:28] Firebase sync completed.
[2026-04-10 00:46:28] Regenerating HTML dashboard...
[2026-04-10 00:46:28] HTML dashboard updated successfully.
[2026-04-10 00:46:28] Checking for update (Latest: 2092, Looking for: 2093)...
[2026-04-10 00:46:28] Attempting to scrape Sougaku for 第2093回...
[2026-04-10 00:46:29] Sougaku: Found 2092, but target is 2093. Result might not be out yet.
[2026-04-10 00:46:29] 第2093回 result not found yet.
[2026-04-10 00:54:12] Syncing data to Firebase...
[2026-04-10 00:54:14] Firebase sync completed.
[2026-04-10 00:54:14] Regenerating HTML dashboard...
[2026-04-10 00:54:14] HTML dashboard updated successfully.
[2026-04-10 00:54:14] Checking for update (Latest: 2092, Looking for: 2093)...
[2026-04-10 00:54:14] Attempting to scrape Sougaku for 第2093回...
[2026-04-10 00:54:14] Sougaku: Found 2092, but target is 2093. Result might not be out yet.
[2026-04-10 00:54:14] 第2093回 result not found yet.
[2026-04-10 01:24:15] Checking for update (Latest: 2092, Looking for: 2093)...
[2026-04-10 01:24:15] Attempting to scrape Sougaku for 第2093回...
[2026-04-10 01:24:15] Sougaku: Found 2092, but target is 2093. Result might not be out yet.
[2026-04-10 01:24:15] 第2093回 result not found yet.
[2026-04-10 01:27:51] Syncing data to Firebase...
[2026-04-10 01:27:53] Firebase sync completed.
[2026-04-10 01:27:53] Regenerating HTML dashboard...
[2026-04-10 01:27:54] HTML dashboard updated successfully.
[2026-04-10 01:27:54] Checking for update (Latest: 2092, Looking for: 2093)...
[2026-04-10 01:27:54] Attempting to scrape Sougaku for 第2093回...
[2026-04-10 01:27:55] Sougaku: Found 2092, but target is 2093. Result might not be out yet.
[2026-04-10 01:27:55] 第2093回 result not found yet.
[2026-04-10 01:54:15] Checking for update (Latest: 2092, Looking for: 2093)...
[2026-04-10 01:54:15] Attempting to scrape Sougaku for 第2093回...
[2026-04-10 01:54:16] Sougaku: Found 2092, but target is 2093. Result might not be out yet.
[2026-04-10 01:54:16] 第2093回 result not found yet.
[2026-04-10 01:57:55] Checking for update (Latest: 2092, Looking for: 2093)...
[2026-04-10 01:57:55] Attempting to scrape Sougaku for 第2093回...
[2026-04-10 01:57:55] Sougaku: Found 2092, but target is 2093. Result might not be out yet.
[2026-04-10 01:57:55] 第2093回 result not found yet.
[2026-04-10 02:24:16] Checking for update (Latest: 2092, Looking for: 2093)...
[2026-04-10 02:24:16] Attempting to scrape Sougaku for 第2093回...
[2026-04-10 02:24:16] Sougaku: Found 2092, but target is 2093. Result might not be out yet.
[2026-04-10 02:24:16] 第2093回 result not found yet.
[2026-04-10 02:27:55] Checking for update (Latest: 2092, Looking for: 2093)...
[2026-04-10 02:27:55] Attempting to scrape Sougaku for 第2093回...
[2026-04-10 02:27:56] Sougaku: Found 2092, but target is 2093. Result might not be out yet.
[2026-04-10 02:27:56] 第2093回 result not found yet.
[2026-04-10 02:54:16] Checking for update (Latest: 2092, Looking for: 2093)...
[2026-04-10 02:54:16] Attempting to scrape Sougaku for 第2093回...
[2026-04-10 02:54:17] Sougaku: Found 2092, but target is 2093. Result might not be out yet.
[2026-04-10 02:54:17] 第2093回 result not found yet.
[2026-04-10 17:00:11] Syncing data to Firebase...
[2026-04-10 17:00:13] Firebase sync completed.
[2026-04-10 17:00:13] Regenerating HTML dashboard...
[2026-04-10 17:00:14] HTML dashboard updated successfully.
[2026-04-10 17:00:14] Checking for update (Latest: 2092, Looking for: 2093)...
[2026-04-10 17:00:14] Attempting to scrape Sougaku for 第2093回...
[2026-04-10 17:00:15] Sougaku: Found 2092, but target is 2093. Result might not be out yet.
[2026-04-10 17:00:15] 第2093回 result not found yet.
[2026-04-10 17:30:15] Checking for update (Latest: 2092, Looking for: 2093)...
[2026-04-10 17:30:15] Attempting to scrape Sougaku for 第2093回...
[2026-04-10 17:30:16] Sougaku: Found 2092, but target is 2093. Result might not be out yet.
[2026-04-10 17:30:16] 第2093回 result not found yet.
[2026-04-10 18:00:16] Checking for update (Latest: 2092, Looking for: 2093)...
[2026-04-10 18:00:16] Attempting to scrape Sougaku for 第2093回...
[2026-04-10 18:00:16] Sougaku: Found 2092, but target is 2093. Result might not be out yet.
[2026-04-10 18:00:16] 第2093回 result not found yet.
[2026-04-10 18:30:16] Checking for update (Latest: 2092, Looking for: 2093)...
[2026-04-10 18:30:16] Attempting to scrape Sougaku for 第2093回...
[2026-04-10 18:30:17] Sougaku: Found 2092, but target is 2093. Result might not be out yet.
[2026-04-10 18:30:17] 第2093回 result not found yet.
[2026-04-10 19:00:17] Checking for update (Latest: 2092, Looking for: 2093)...
[2026-04-10 19:00:17] Attempting to scrape Sougaku for 第2093回...
[2026-04-10 19:00:17] Sougaku: Found 2092, but target is 2093. Result might not be out yet.
[2026-04-10 19:00:17] 第2093回 result not found yet.
[2026-04-10 19:30:17] Checking for update (Latest: 2092, Looking for: 2093)...
[2026-04-10 19:30:17] Attempting to scrape Sougaku for 第2093回...
[2026-04-10 19:30:18] Sougaku: Found 2092, but target is 2093. Result might not be out yet.
[2026-04-10 19:30:18] 第2093回 result not found yet.
[2026-04-10 20:00:18] Checking for update (Latest: 2092, Looking for: 2093)...
[2026-04-10 20:00:18] Attempting to scrape Sougaku for 第2093回...
[2026-04-10 20:00:19] Sougaku: Found 2092, but target is 2093. Result might not be out yet.
[2026-04-10 20:00:19] 第2093回 result not found yet.
[2026-04-10 20:30:19] Checking for update (Latest: 2092, Looking for: 2093)...
[2026-04-10 20:30:19] Attempting to scrape Sougaku for 第2093回...
[2026-04-10 20:30:19] Sougaku: Found 2092, but target is 2093. Result might not be out yet.
[2026-04-10 20:30:19] 第2093回 result not found yet.
[2026-04-10 21:00:19] Checking for update (Latest: 2092, Looking for: 2093)...
[2026-04-10 21:00:19] Attempting to scrape Sougaku for 第2093回...
[2026-04-10 21:00:20] Sougaku: Found 2092, but target is 2093. Result might not be out yet.
[2026-04-10 21:00:20] 第2093回 result not found yet.
[2026-04-10 21:30:20] Checking for update (Latest: 2092, Looking for: 2093)...
[2026-04-10 21:30:20] Attempting to scrape Sougaku for 第2093回...
[2026-04-10 21:30:20] Sougaku: Found 2092, but target is 2093. Result might not be out yet.
[2026-04-10 21:30:20] 第2093回 result not found yet.
[2026-04-10 22:00:20] Checking for update (Latest: 2092, Looking for: 2093)...
[2026-04-10 22:00:20] Attempting to scrape Sougaku for 第2093回...
[2026-04-10 22:00:21] Sougaku: Found 2092, but target is 2093. Result might not be out yet.
[2026-04-10 22:00:21] 第2093回 result not found yet.
[2026-04-10 22:30:21] Checking for update (Latest: 2092, Looking for: 2093)...
[2026-04-10 22:30:21] Attempting to scrape Sougaku for 第2093回...
[2026-04-10 22:30:22] Sougaku: Found 2092, but target is 2093. Result might not be out yet.
[2026-04-10 22:30:22] 第2093回 result not found yet.
[2026-04-10 23:00:19] Checking for update (Latest: 2092, Looking for: 2093)...
[2026-04-10 23:00:19] Attempting to scrape Sougaku for 第2093回...
[2026-04-10 23:00:20] Sougaku: Found 2092, but target is 2093. Result might not be out yet.
[2026-04-10 23:00:20] 第2093回 result not found yet.
[2026-04-10 23:30:20] Checking for update (Latest: 2092, Looking for: 2093)...
[2026-04-10 23:30:20] Attempting to scrape Sougaku for 第2093回...
[2026-04-10 23:30:20] Sougaku: Found 2092, but target is 2093. Result might not be out yet.
[2026-04-10 23:30:20] 第2093回 result not found yet.
[2026-04-11 23:52:57] Regenerating HTML dashboard...
[2026-04-11 23:52:57] Reading loto6_board_with_setball.html for update...
[2026-04-11 23:52:57] Backup created: loto6_board_with_setball.html.bak
[2026-04-11 23:52:57] HTML dashboard updated successfully.
[2026-04-11 23:58:36] Regenerating HTML dashboard...
[2026-04-11 23:58:36] Reading loto6_board_with_setball.html for update...
[2026-04-11 23:58:36] Backup created: loto6_board_with_setball.html.bak
[2026-04-11 23:58:36] HTML dashboard updated successfully.
